version: (200506)

available memory: 64M bytes
used memory: 147456 bytes [need 144K bytes if disable swap]

used block: 4 [memory(4) file(0)]
                 [ 8K(2) 64K(2) { total 144K bytes } ]
overhead: (9538) bytes for (4) blocks [Average: (2384) bytes/block]

write  => 0(times) 0K(bytes) [0K bytes to file]
read   => 2(times) 8K(bytes) [2K bytes compressed data from file]
access => 117145(times) 919M(bytes)
          [hit ratio: 99.9983%]

time: write(0) read(0)  unit: second

swap file directory: (/home/dvvfirst3/Abubakar_Shuaibu/Verilog/_Behavioural_Level_Modelling/Sequential_Circuits/casex_example/verdiLog)
used swap file number: (3)



swap file manager:
arrSize: (256)
idxCnt: (4)
closeHead: (1)
closeTail: (3)
openCnt: (3)
fid(3): fd(1073741825) fileName(/home/dvvfirst3/Abubakar_Shuaibu/Verilog/_Behavioural_Level_Modelling/Sequential_Circuits/casex_example/simv.daidir/kdb.elab++/work.lib++/casex_example.v.tdc)
	size(2043) lastModTime(1783505456) curModTime(1783505456)
	mode(rb)	hot(0) cool(2) pos(0)
fid(2): fd(25) fileName(/home/dvvfirst3/Abubakar_Shuaibu/Verilog/_Behavioural_Level_Modelling/Sequential_Circuits/casex_example/verdiLog/_swap_0001#-1463783424#11134)
	size(0) lastModTime(0) curModTime(1783505470)
	mode(w+b)	hot(3) cool(1) pos(0)
fid(1): fd(1073741824) fileName(/home/dvvfirst3/Abubakar_Shuaibu/Verilog/_Behavioural_Level_Modelling/Sequential_Circuits/casex_example/simv.daidir/kdb.elab++/work.lib++/casex_example_tb.v.tdc)
	size(2023) lastModTime(1783505456) curModTime(1783505456)
	mode(rb)	hot(2) cool(0) pos(0)
fid(0): fd(0) fileName(NULL)
	mode(NULL)	hot(0) cool(0) pos(0)
==================================================
mySelf(18bf0ad0) pre(17b2dd30) next(0)
version(200506)
date(Mar  2 2021 03:35:41)
