version: (200506)

available memory: 64M bytes
used memory: 73728 bytes [need 72K bytes if disable swap]

used block: 2 [memory(2) file(0)]
                 [ 8K(1) 64K(1) { total 72K bytes } ]
overhead: (9538) bytes for (2) blocks [Average: (4769) bytes/block]

write  => 0(times) 0K(bytes) [0K bytes to file]
read   => 1(times) 5K(bytes) [1K bytes compressed data from file]
access => 19488(times) 154M(bytes)
          [hit ratio: 99.9949%]

time: write(0) read(0)  unit: second

swap file directory: (/home/dvvfirst3/Abubakar_Shuaibu/Verilog/_Behavioural_Level_Modelling/Sequential_Circuits2/REGISTERS/PISO/verdiLog)
used swap file number: (1)



swap file manager:
arrSize: (256)
idxCnt: (3)
closeHead: (1)
closeTail: (2)
openCnt: (2)
fid(2): fd(25) fileName(/home/dvvfirst3/Abubakar_Shuaibu/Verilog/_Behavioural_Level_Modelling/Sequential_Circuits2/REGISTERS/PISO/verdiLog/_swap_0001#-1463783424#290477)
	size(0) lastModTime(0) curModTime(1783594644)
	mode(w+b)	hot(0) cool(1) pos(0)
fid(1): fd(1073741824) fileName(/home/dvvfirst3/Abubakar_Shuaibu/Verilog/_Behavioural_Level_Modelling/Sequential_Circuits2/REGISTERS/PISO/simv.daidir/kdb.elab++/work.lib++/piso_tb.v.tdc)
	size(2420) lastModTime(1783594634) curModTime(1783594634)
	mode(rb)	hot(2) cool(0) pos(0)
fid(0): fd(0) fileName(NULL)
	mode(NULL)	hot(0) cool(0) pos(0)
==================================================
mySelf(1742b490) pre(16a32720) next(0)
version(200506)
date(Mar  2 2021 03:35:41)
