Command: vcs -full64 -sverilog -debug_access+all -kdb -l compile.log mux4to1.v mux4to1_tb.v \

                         Chronologic VCS (TM)
       Version R-2020.12-SP1_Full64 -- Thu Jun 18 15:13:49 2026

                    Copyright (c) 1991 - 2021 Synopsys, Inc.
   This software and the associated documentation are proprietary to Synopsys,
 Inc. This software may only be used in accordance with the terms and conditions
 of a written license agreement with Synopsys, Inc. All other use, reproduction,
            or distribution of this software is strictly prohibited.

Parsing design file 'mux4to1.v'
Parsing design file 'mux4to1_tb.v'
Top Level Modules:
       mux4to1_tb
No TimeScale specified
Starting vcs inline pass...

1 module and 0 UDP read.
recompiling module mux4to1_tb
make[1]: Entering directory '/home/dvvfirst3/Abubakar_Shuaibu/Verilog/Combinational_Circuits/multiplexers/mux4to1/csrc' \

rm -f _cuarc*.so _csrc*.so pre_vcsobj_*.so share_vcsobj_*.so
if [ -x ../simv ]; then chmod a-x ../simv; fi
g++  -o ../simv      -rdynamic  -Wl,-rpath='$ORIGIN'/simv.daidir -Wl,-rpath=./simv.daidir \
-Wl,-rpath=/home/server2/synopsys/tools/vcs/R-2020.12-SP1/linux64/lib -L/home/server2/synopsys/tools/vcs/R-2020.12-SP1/linux64/lib \
-Wl,-rpath-link=./  /usr/lib64/libnuma.so.1   objs/amcQw_d.o   _88292_archive_1.so \
SIM_l.o      rmapats_mop.o rmapats.o rmar.o rmar_nd.o  rmar_llvm_0_1.o rmar_llvm_0_0.o \
-lvirsim -lerrorinf -lsnpsmalloc -lvfs    -lvcsnew -lsimprofile -luclinative /home/server2/synopsys/tools/vcs/R-2020.12-SP1/linux64/lib/vcs_tls.o \
-Wl,-whole-archive  -lvcsucli    -Wl,-no-whole-archive        _vcs_pli_stub_.o   \
/home/server2/synopsys/tools/vcs/R-2020.12-SP1/linux64/lib/vcs_save_restore_new.o \
/home/server2/synopsys/tools/verdi/R-2020.12-SP1/share/PLI/VCS/LINUX64/pli.a -ldl \
-lc -lm -lpthread -ldl 
../simv up to date
make[1]: Leaving directory '/home/dvvfirst3/Abubakar_Shuaibu/Verilog/Combinational_Circuits/multiplexers/mux4to1/csrc' \

CPU time: .658 seconds to compile + .573 seconds to elab + .781 seconds to link
Verdi KDB elaboration done and the database successfully generated: 0 error(s), 0 warning(s)
