Command: /home/dvvfirst3/Abubakar_Shuaibu/Verilog/_Behavioural_Level_Modelling/Sequential_Circuits2/REGISTERS/PIPO/./simv -l run.log
Chronologic VCS simulator copyright 1991-2020
Contains Synopsys proprietary information.
Compiler version R-2020.12-SP1_Full64; Runtime version R-2020.12-SP1_Full64;  Jul  9 16:26 2026
*Verdi* Loading libsscore_vcs202012.so
FSDB Dumper for VCS, Release Verdi_R-2020.12-SP1, Linux x86_64/64bit, 03/02/2021
(C) 1996 - 2021 by Synopsys, Inc.
*Verdi* : Create FSDB file 'dump.fsdb'
*Verdi* : Begin traversing the scope (pipo_tb), layer (0).
*Verdi* : End of traversing.
clk=0 reset=1 pi=0000 po=xxxx
clk=1 reset=1 pi=0000 po=0000
clk=0 reset=0 pi=1010 po=0000
clk=1 reset=0 pi=1010 po=1010
clk=0 reset=0 pi=1100 po=1010
clk=1 reset=0 pi=1100 po=1100
clk=0 reset=0 pi=0111 po=1100
clk=1 reset=0 pi=0111 po=0111
clk=0 reset=0 pi=1111 po=0111
clk=1 reset=0 pi=1111 po=1111
$finish called from file "pipo_tb.v", line 68.
$finish at simulation time                   50
           V C S   S i m u l a t i o n   R e p o r t 
Time: 50
CPU Time:      0.850 seconds;       Data structure size:   0.0Mb
Thu Jul  9 16:26:08 2026
