version: (200506)

available memory: 64M bytes
used memory: 73728 bytes [need 72K bytes if disable swap]

used block: 2 [memory(2) file(0)]
                 [ 8K(1) 64K(1) { total 72K bytes } ]
overhead: (9538) bytes for (2) blocks [Average: (4769) bytes/block]

write  => 0(times) 0K(bytes) [0K bytes to file]
read   => 1(times) 2K(bytes) [0K bytes compressed data from file]
access => 38998(times) 306M(bytes)
          [hit ratio: 99.9974%]

time: write(0) read(0)  unit: second

swap file directory: (/home/dvvfirst3/Abubakar_Shuaibu/Verilog/GateLevelModelling/nand_gate/verdiLog)
used swap file number: (1)



swap file manager:
arrSize: (256)
idxCnt: (3)
closeHead: (1)
closeTail: (2)
openCnt: (2)
fid(2): fd(25) fileName(/home/dvvfirst3/Abubakar_Shuaibu/Verilog/GateLevelModelling/nand_gate/verdiLog/_swap_0001#1952731604#336937)
	size(0) lastModTime(0) curModTime(1782383666)
	mode(w+b)	hot(0) cool(1) pos(0)
fid(1): fd(1073741824) fileName(/home/dvvfirst3/Abubakar_Shuaibu/Verilog/GateLevelModelling/nand_gate/simv.daidir/kdb.elab++/work.lib++/nand_gate_tb.v.tdc)
	size(1284) lastModTime(1782383656) curModTime(1782383656)
	mode(rb)	hot(2) cool(0) pos(0)
fid(0): fd(0) fileName(NULL)
	mode(NULL)	hot(0) cool(0) pos(0)
==================================================
mySelf(17746250) pre(15f0c580) next(0)
version(200506)
date(Mar  2 2021 03:35:41)
