version: (200506)

available memory: 64M bytes
used memory: 139264 bytes [need 136K bytes if disable swap]

used block: 3 [memory(3) file(0)]
                 [ 8K(1) 64K(2) { total 136K bytes } ]
overhead: (9538) bytes for (3) blocks [Average: (3179) bytes/block]

write  => 0(times) 0K(bytes) [0K bytes to file]
read   => 2(times) 2K(bytes) [0K bytes compressed data from file]
access => 45436(times) 357M(bytes)
          [hit ratio: 99.9956%]

time: write(0) read(0)  unit: second

swap file directory: (/home/dvvfirst3/Abubakar_Shuaibu/Verilog/GateLevelModelling/xor_gate/verdiLog)
used swap file number: (3)



swap file manager:
arrSize: (256)
idxCnt: (4)
closeHead: (1)
closeTail: (3)
openCnt: (3)
fid(3): fd(1073741825) fileName(/home/dvvfirst3/Abubakar_Shuaibu/Verilog/GateLevelModelling/xor_gate/simv.daidir/kdb.elab++/work.lib++/xor_gate.v.tdc)
	size(588) lastModTime(1782306608) curModTime(1782306608)
	mode(rb)	hot(0) cool(2) pos(0)
fid(2): fd(25) fileName(/home/dvvfirst3/Abubakar_Shuaibu/Verilog/GateLevelModelling/xor_gate/verdiLog/_swap_0001#1952731604#132217)
	size(0) lastModTime(0) curModTime(1782306618)
	mode(w+b)	hot(3) cool(1) pos(0)
fid(1): fd(1073741824) fileName(/home/dvvfirst3/Abubakar_Shuaibu/Verilog/GateLevelModelling/xor_gate/simv.daidir/kdb.elab++/work.lib++/xor_gate_tb.v.tdc)
	size(1275) lastModTime(1782306608) curModTime(1782306608)
	mode(rb)	hot(2) cool(0) pos(0)
fid(0): fd(0) fileName(NULL)
	mode(NULL)	hot(0) cool(0) pos(0)
==================================================
mySelf(18490830) pre(16ab9340) next(0)
version(200506)
date(Mar  2 2021 03:35:41)
