Command: /home/dvvfirst3/Abubakar_Shuaibu/Verilog/_Behavioural_Level_Modelling/Sequential_Circuits2/T_FlipFlop/./simv -l run.log
Chronologic VCS simulator copyright 1991-2020
Contains Synopsys proprietary information.
Compiler version R-2020.12-SP1_Full64; Runtime version R-2020.12-SP1_Full64;  Jul  9 16:22 2026
*Verdi* Loading libsscore_vcs202012.so
FSDB Dumper for VCS, Release Verdi_R-2020.12-SP1, Linux x86_64/64bit, 03/02/2021
(C) 1996 - 2021 by Synopsys, Inc.
*Verdi* FSDB WARNING: The FSDB file already exists. Overwriting the FSDB file may crash the programs that are using this file.
*Verdi* : Create FSDB file 'dump.fsdb'
*Verdi* : Begin traversing the scope (t_ff_tb), layer (0).
*Verdi* : End of traversing.
clk=0 reset=1 T=0 Q=x
clk=1 reset=1 T=0 Q=0
clk=0 reset=0 T=0 Q=0
clk=1 reset=0 T=0 Q=0
clk=0 reset=0 T=1 Q=0
clk=1 reset=0 T=1 Q=1
clk=0 reset=0 T=0 Q=1
clk=1 reset=0 T=0 Q=1
clk=0 reset=0 T=1 Q=1
clk=1 reset=0 T=1 Q=0
$finish called from file "t_ff_tb.v", line 45.
$finish at simulation time                   50
           V C S   S i m u l a t i o n   R e p o r t 
Time: 50
CPU Time:      0.870 seconds;       Data structure size:   0.0Mb
Thu Jul  9 16:22:47 2026
