Command: vcs -full64 -sverilog -debug_access+all -kdb -l compile.log sr_ff.v sr_ff_tb.v \

                         Chronologic VCS (TM)
       Version R-2020.12-SP1_Full64 -- Thu Jul  9 14:02:41 2026

                    Copyright (c) 1991 - 2021 Synopsys, Inc.
   This software and the associated documentation are proprietary to Synopsys,
 Inc. This software may only be used in accordance with the terms and conditions
 of a written license agreement with Synopsys, Inc. All other use, reproduction,
            or distribution of this software is strictly prohibited.

Parsing design file 'sr_ff.v'
Parsing design file 'sr_ff_tb.v'
Top Level Modules:
       sr_ff_tb
No TimeScale specified
Starting vcs inline pass...

1 module and 0 UDP read.
	However, due to incremental compilation, no re-compilation is necessary.
make[1]: Entering directory '/home/dvvfirst3/Abubakar_Shuaibu/Verilog/_Behavioural_Level_Modelling/Sequential_Circuits/SR_FlipFlop/csrc' \

rm -f _cuarc*.so _csrc*.so pre_vcsobj_*.so share_vcsobj_*.so
ld -shared  -Bsymbolic --no-relax  -o .//../simv.daidir//_cuarc0.so objs/amcQw_d.o \

rm -f _cuarc0.so
if [ -x ../simv ]; then chmod a-x ../simv; fi
g++  -o ../simv      -rdynamic  -Wl,-rpath='$ORIGIN'/simv.daidir -Wl,-rpath=./simv.daidir \
-Wl,-rpath=/home/tool/synopsys/tools/vcs/R-2020.12-SP1/linux64/lib -L/home/tool/synopsys/tools/vcs/R-2020.12-SP1/linux64/lib \
-Wl,-rpath-link=./  /usr/lib64/libnuma.so.1     _232026_archive_1.so _prev_archive_1.so \
_cuarc0.so  SIM_l.o      rmapats_mop.o rmapats.o rmar.o rmar_nd.o  rmar_llvm_0_1.o \
rmar_llvm_0_0.o           -lvirsim -lerrorinf -lsnpsmalloc -lvfs    -lvcsnew -lsimprofile \
-luclinative /home/tool/synopsys/tools/vcs/R-2020.12-SP1/linux64/lib/vcs_tls.o   \
-Wl,-whole-archive  -lvcsucli    -Wl,-no-whole-archive        _vcs_pli_stub_.o   \
/home/tool/synopsys/tools/vcs/R-2020.12-SP1/linux64/lib/vcs_save_restore_new.o /home/tool/synopsys/tools/verdi/R-2020.12-SP1/share/PLI/VCS/LINUX64/pli.a \
-ldl  -lc -lm -lpthread -ldl 
../simv up to date
make[1]: Leaving directory '/home/dvvfirst3/Abubakar_Shuaibu/Verilog/_Behavioural_Level_Modelling/Sequential_Circuits/SR_FlipFlop/csrc' \

CPU time: .779 seconds to compile + .849 seconds to elab + .680 seconds to link
Verdi KDB elaboration done and the database successfully generated: 0 error(s), 0 warning(s)
