Command: /home/dvvfirst3/Abubakar_Shuaibu/Verilog/_Behavioural_Level_Modelling/Sequential_Circuits/SR_FlipFlop/./simv -l run.log
Chronologic VCS simulator copyright 1991-2020
Contains Synopsys proprietary information.
Compiler version R-2020.12-SP1_Full64; Runtime version R-2020.12-SP1_Full64;  Jul  9 14:02 2026
*Verdi* Loading libsscore_vcs202012.so
FSDB Dumper for VCS, Release Verdi_R-2020.12-SP1, Linux x86_64/64bit, 03/02/2021
(C) 1996 - 2021 by Synopsys, Inc.
*Verdi* FSDB WARNING: The FSDB file already exists. Overwriting the FSDB file may crash the programs that are using this file.
*Verdi* : Create FSDB file 'dump.fsdb'
*Verdi* : Begin traversing the scope (sr_ff_tb), layer (0).
*Verdi* : End of traversing.
clk=0 reset=1 S=0 R=0 Q=x
clk=1 reset=1 S=0 R=0 Q=0
clk=0 reset=0 S=0 R=0 Q=0
clk=1 reset=0 S=0 R=0 Q=0
clk=0 reset=0 S=1 R=0 Q=0
clk=1 reset=0 S=1 R=0 Q=1
clk=0 reset=0 S=1 R=1 Q=1
clk=1 reset=0 S=1 R=1 Q=x
$finish called from file "sr_ff_tb.v", line 28.
$finish at simulation time                   40
           V C S   S i m u l a t i o n   R e p o r t 
Time: 40
CPU Time:      0.860 seconds;       Data structure size:   0.0Mb
Thu Jul  9 14:02:45 2026
