Command: /home/dvvfirst3/Abubakar_Shuaibu/Verilog/GateLevelModelling/xnor_gate/./simv -l run.log
Chronologic VCS simulator copyright 1991-2020
Contains Synopsys proprietary information.
Compiler version R-2020.12-SP1_Full64; Runtime version R-2020.12-SP1_Full64;  Jun 25 15:57 2026
*Verdi* Loading libsscore_vcs202012.so
FSDB Dumper for VCS, Release Verdi_R-2020.12-SP1, Linux x86_64/64bit, 03/02/2021
(C) 1996 - 2021 by Synopsys, Inc.
*Verdi* : Create FSDB file 'dump.fsdb'
*Verdi* : Begin traversing the scope (xnor_gate_tb), layer (0).
*Verdi* : End of traversing.
a=0, b=0, y=1
a=0, b=1, y=0
a=1, b=0, y=0
a=1, b=1, y=1
$finish called from file "xnor_gate_tb.v", line 21.
$finish at simulation time                   40
           V C S   S i m u l a t i o n   R e p o r t 
Time: 40
CPU Time:      0.830 seconds;       Data structure size:   0.0Mb
Thu Jun 25 15:57:53 2026
