Command: /home/dvvfirst3/Abubakar_Shuaibu/Verilog/_Behavioural_Level_Modelling/Sequential_Circuits2/REGISTERS/SISO/./simv -l run.log
Chronologic VCS simulator copyright 1991-2020
Contains Synopsys proprietary information.
Compiler version R-2020.12-SP1_Full64; Runtime version R-2020.12-SP1_Full64;  Jul  9 16:28 2026
*Verdi* Loading libsscore_vcs202012.so
FSDB Dumper for VCS, Release Verdi_R-2020.12-SP1, Linux x86_64/64bit, 03/02/2021
(C) 1996 - 2021 by Synopsys, Inc.
*Verdi* : Create FSDB file 'dump.fsdb'
*Verdi* : Begin traversing the scope (siso_tb), layer (0).
*Verdi* : End of traversing.
Time=0 clk=0 sin=1 sout=x
Time=5 clk=1 sin=1 sout=x
Time=10 clk=0 sin=0 sout=x
Time=15 clk=1 sin=0 sout=x
Time=20 clk=0 sin=1 sout=x
Time=25 clk=1 sin=1 sout=x
Time=30 clk=0 sin=1 sout=x
Time=35 clk=1 sin=1 sout=1
Time=40 clk=0 sin=0 sout=1
Time=45 clk=1 sin=0 sout=0
Time=50 clk=0 sin=0 sout=0
Time=55 clk=1 sin=0 sout=1
Time=60 clk=0 sin=0 sout=1
Time=65 clk=1 sin=0 sout=1
Time=70 clk=0 sin=0 sout=1
Time=75 clk=1 sin=0 sout=0
$finish called from file "siso_tb.v", line 53.
$finish at simulation time                   80
           V C S   S i m u l a t i o n   R e p o r t 
Time: 80
CPU Time:      0.720 seconds;       Data structure size:   0.0Mb
Thu Jul  9 16:28:55 2026
