Command: /home/dvvfirst3/Abubakar_Shuaibu/Verilog/_Behavioural_Level_Modelling/Sequential_Circuits/casex_example/./simv -l run.log
Chronologic VCS simulator copyright 1991-2020
Contains Synopsys proprietary information.
Compiler version R-2020.12-SP1_Full64; Runtime version R-2020.12-SP1_Full64;  Jul  8 15:41 2026
*Verdi* Loading libsscore_vcs202012.so
FSDB Dumper for VCS, Release Verdi_R-2020.12-SP1, Linux x86_64/64bit, 03/02/2021
(C) 1996 - 2021 by Synopsys, Inc.
*Verdi* : Create FSDB file 'dump.fsdb'
*Verdi* : Begin traversing the scope (casex_example_tb), layer (0).
*Verdi* : End of traversing.
data=x1, out= 1
data=0x, out= 1
data=x0, out= 1
data=z1, out= 1
data=0z, out= 1
data=z0, out= 1
data=1z, out= 2
           V C S   S i m u l a t i o n   R e p o r t 
Time: 6
CPU Time:      0.920 seconds;       Data structure size:   0.0Mb
Wed Jul  8 15:41:02 2026
