Command: /home/dvvfirst3/Abubakar_Shuaibu/Verilog/_Behavioural_Level_Modelling/Sequential_Circuits2/REGISTERS/PISO/./simv -l run.log
Chronologic VCS simulator copyright 1991-2020
Contains Synopsys proprietary information.
Compiler version R-2020.12-SP1_Full64; Runtime version R-2020.12-SP1_Full64;  Jul  9 16:27 2026
*Verdi* Loading libsscore_vcs202012.so
FSDB Dumper for VCS, Release Verdi_R-2020.12-SP1, Linux x86_64/64bit, 03/02/2021
(C) 1996 - 2021 by Synopsys, Inc.
*Verdi* : Create FSDB file 'dump.fsdb'
*Verdi* : Begin traversing the scope (piso_tb), layer (0).
*Verdi* : End of traversing.
Time=0 clk=0 mode=0 pi=1011 sout=x
Time=5 clk=1 mode=0 pi=1011 sout=1
Time=10 clk=0 mode=1 pi=1011 sout=1
Time=15 clk=1 mode=1 pi=1011 sout=1
Time=20 clk=0 mode=1 pi=1011 sout=1
Time=25 clk=1 mode=1 pi=1011 sout=0
Time=30 clk=0 mode=1 pi=1011 sout=0
Time=35 clk=1 mode=1 pi=1011 sout=1
Time=40 clk=0 mode=1 pi=1011 sout=1
Time=45 clk=1 mode=1 pi=1011 sout=0
Time=50 clk=0 mode=0 pi=1100 sout=0
Time=55 clk=1 mode=0 pi=1100 sout=0
Time=60 clk=0 mode=1 pi=1100 sout=0
Time=65 clk=1 mode=1 pi=1100 sout=0
Time=70 clk=0 mode=1 pi=1100 sout=0
Time=75 clk=1 mode=1 pi=1100 sout=1
Time=80 clk=0 mode=1 pi=1100 sout=1
Time=85 clk=1 mode=1 pi=1100 sout=1
Time=90 clk=0 mode=1 pi=1100 sout=1
Time=95 clk=1 mode=1 pi=1100 sout=0
$finish called from file "piso_tb.v", line 67.
$finish at simulation time                  100
           V C S   S i m u l a t i o n   R e p o r t 
Time: 100
CPU Time:      0.880 seconds;       Data structure size:   0.0Mb
Thu Jul  9 16:27:18 2026
